<?xml version="1.0" encoding="UTF-8"?>
<testsuite xmlns:xsi="http://www.w3.org/2001/XMLSchema-instance" xsi:noNamespaceSchemaLocation="https://maven.apache.org/surefire/maven-surefire-plugin/xsd/surefire-test-report-3.0.xsd" version="3.0" name="gestao.pessoal.aplicacao.CucumberRunnerTest" time="0.546" tests="39" errors="0" skipped="0" failures="0">
  <properties>
    <property name="java.specification.version" value="17"/>
    <property name="sun.cpu.isalist" value="amd64"/>
    <property name="sun.jnu.encoding" value="Cp1252"/>
    <property name="java.class.path" value="C:\Users\biaac\OneDrive\Área de Trabalho\Faculdade\5 periodo\gestao-pessoal\aplicacao\target\test-classes;C:\Users\biaac\OneDrive\Área de Trabalho\Faculdade\5 periodo\gestao-pessoal\aplicacao\target\classes;C:\Users\biaac\OneDrive\Área de Trabalho\Faculdade\5 periodo\gestao-pessoal\dominio-compartilhado\target\classes;C:\Users\biaac\OneDrive\Área de Trabalho\Faculdade\5 periodo\gestao-pessoal\dominio-habito\target\classes;C:\Users\biaac\OneDrive\Área de Trabalho\Faculdade\5 periodo\gestao-pessoal\dominio-engajamento\target\classes;C:\Users\biaac\OneDrive\Área de Trabalho\Faculdade\5 periodo\gestao-pessoal\dominio-relatorio\target\classes;C:\Users\biaac\.m2\repository\org\junit\jupiter\junit-jupiter-api\5.10.2\junit-jupiter-api-5.10.2.jar;C:\Users\biaac\.m2\repository\org\opentest4j\opentest4j\1.3.0\opentest4j-1.3.0.jar;C:\Users\biaac\.m2\repository\org\junit\platform\junit-platform-commons\1.10.2\junit-platform-commons-1.10.2.jar;C:\Users\biaac\.m2\repository\org\apiguardian\apiguardian-api\1.1.2\apiguardian-api-1.1.2.jar;C:\Users\biaac\.m2\repository\io\cucumber\cucumber-java\7.16.1\cucumber-java-7.16.1.jar;C:\Users\biaac\.m2\repository\io\cucumber\cucumber-core\7.16.1\cucumber-core-7.16.1.jar;C:\Users\biaac\.m2\repository\io\cucumber\cucumber-gherkin\7.16.1\cucumber-gherkin-7.16.1.jar;C:\Users\biaac\.m2\repository\io\cucumber\cucumber-gherkin-messages\7.16.1\cucumber-gherkin-messages-7.16.1.jar;C:\Users\biaac\.m2\repository\io\cucumber\gherkin\28.0.0\gherkin-28.0.0.jar;C:\Users\biaac\.m2\repository\io\cucumber\messages\24.1.0\messages-24.1.0.jar;C:\Users\biaac\.m2\repository\io\cucumber\tag-expressions\6.1.0\tag-expressions-6.1.0.jar;C:\Users\biaac\.m2\repository\io\cucumber\cucumber-expressions\17.1.0\cucumber-expressions-17.1.0.jar;C:\Users\biaac\.m2\repository\io\cucumber\datatable\7.16.1\datatable-7.16.1.jar;C:\Users\biaac\.m2\repository\io\cucumber\cucumber-plugin\7.16.1\cucumber-plugin-7.16.1.jar;C:\Users\biaac\.m2\repository\io\cucumber\docstring\7.16.1\docstring-7.16.1.jar;C:\Users\biaac\.m2\repository\io\cucumber\html-formatter\21.3.0\html-formatter-21.3.0.jar;C:\Users\biaac\.m2\repository\io\cucumber\junit-xml-formatter\0.3.0\junit-xml-formatter-0.3.0.jar;C:\Users\biaac\.m2\repository\io\cucumber\ci-environment\10.0.1\ci-environment-10.0.1.jar;C:\Users\biaac\.m2\repository\io\cucumber\cucumber-junit-platform-engine\7.16.1\cucumber-junit-platform-engine-7.16.1.jar;C:\Users\biaac\.m2\repository\org\junit\platform\junit-platform-engine\1.10.2\junit-platform-engine-1.10.2.jar;C:\Users\biaac\.m2\repository\io\cucumber\cucumber-picocontainer\7.16.1\cucumber-picocontainer-7.16.1.jar;C:\Users\biaac\.m2\repository\org\picocontainer\picocontainer\2.15\picocontainer-2.15.jar;C:\Users\biaac\.m2\repository\org\junit\platform\junit-platform-suite\1.9.3\junit-platform-suite-1.9.3.jar;C:\Users\biaac\.m2\repository\org\junit\platform\junit-platform-suite-api\1.9.3\junit-platform-suite-api-1.9.3.jar;C:\Users\biaac\.m2\repository\org\junit\platform\junit-platform-suite-engine\1.9.3\junit-platform-suite-engine-1.9.3.jar;C:\Users\biaac\.m2\repository\org\junit\platform\junit-platform-suite-commons\1.9.3\junit-platform-suite-commons-1.9.3.jar;C:\Users\biaac\.m2\repository\org\junit\platform\junit-platform-launcher\1.9.3\junit-platform-launcher-1.9.3.jar;"/>
    <property name="java.vm.vendor" value="Oracle Corporation"/>
    <property name="sun.arch.data.model" value="64"/>
    <property name="user.variant" value=""/>
    <property name="java.vendor.url" value="https://java.oracle.com/"/>
    <property name="user.timezone" value="America/Sao_Paulo"/>
    <property name="os.name" value="Windows 11"/>
    <property name="java.vm.specification.version" value="17"/>
    <property name="sun.java.launcher" value="SUN_STANDARD"/>
    <property name="user.country" value="BR"/>
    <property name="sun.boot.library.path" value="C:\Program Files\Java\jdk-17\bin"/>
    <property name="sun.java.command" value="C:\Users\biaac\AppData\Local\Temp\surefire5868630173072075118\surefirebooter-20251022105351974_3.jar C:\Users\biaac\AppData\Local\Temp\surefire5868630173072075118 2025-10-22T10-53-50_300-jvmRun1 surefire-20251022105351974_1tmp surefire_0-20251022105351974_2tmp"/>
    <property name="jdk.debug" value="release"/>
    <property name="surefire.test.class.path" value="C:\Users\biaac\OneDrive\Área de Trabalho\Faculdade\5 periodo\gestao-pessoal\aplicacao\target\test-classes;C:\Users\biaac\OneDrive\Área de Trabalho\Faculdade\5 periodo\gestao-pessoal\aplicacao\target\classes;C:\Users\biaac\OneDrive\Área de Trabalho\Faculdade\5 periodo\gestao-pessoal\dominio-compartilhado\target\classes;C:\Users\biaac\OneDrive\Área de Trabalho\Faculdade\5 periodo\gestao-pessoal\dominio-habito\target\classes;C:\Users\biaac\OneDrive\Área de Trabalho\Faculdade\5 periodo\gestao-pessoal\dominio-engajamento\target\classes;C:\Users\biaac\OneDrive\Área de Trabalho\Faculdade\5 periodo\gestao-pessoal\dominio-relatorio\target\classes;C:\Users\biaac\.m2\repository\org\junit\jupiter\junit-jupiter-api\5.10.2\junit-jupiter-api-5.10.2.jar;C:\Users\biaac\.m2\repository\org\opentest4j\opentest4j\1.3.0\opentest4j-1.3.0.jar;C:\Users\biaac\.m2\repository\org\junit\platform\junit-platform-commons\1.10.2\junit-platform-commons-1.10.2.jar;C:\Users\biaac\.m2\repository\org\apiguardian\apiguardian-api\1.1.2\apiguardian-api-1.1.2.jar;C:\Users\biaac\.m2\repository\io\cucumber\cucumber-java\7.16.1\cucumber-java-7.16.1.jar;C:\Users\biaac\.m2\repository\io\cucumber\cucumber-core\7.16.1\cucumber-core-7.16.1.jar;C:\Users\biaac\.m2\repository\io\cucumber\cucumber-gherkin\7.16.1\cucumber-gherkin-7.16.1.jar;C:\Users\biaac\.m2\repository\io\cucumber\cucumber-gherkin-messages\7.16.1\cucumber-gherkin-messages-7.16.1.jar;C:\Users\biaac\.m2\repository\io\cucumber\gherkin\28.0.0\gherkin-28.0.0.jar;C:\Users\biaac\.m2\repository\io\cucumber\messages\24.1.0\messages-24.1.0.jar;C:\Users\biaac\.m2\repository\io\cucumber\tag-expressions\6.1.0\tag-expressions-6.1.0.jar;C:\Users\biaac\.m2\repository\io\cucumber\cucumber-expressions\17.1.0\cucumber-expressions-17.1.0.jar;C:\Users\biaac\.m2\repository\io\cucumber\datatable\7.16.1\datatable-7.16.1.jar;C:\Users\biaac\.m2\repository\io\cucumber\cucumber-plugin\7.16.1\cucumber-plugin-7.16.1.jar;C:\Users\biaac\.m2\repository\io\cucumber\docstring\7.16.1\docstring-7.16.1.jar;C:\Users\biaac\.m2\repository\io\cucumber\html-formatter\21.3.0\html-formatter-21.3.0.jar;C:\Users\biaac\.m2\repository\io\cucumber\junit-xml-formatter\0.3.0\junit-xml-formatter-0.3.0.jar;C:\Users\biaac\.m2\repository\io\cucumber\ci-environment\10.0.1\ci-environment-10.0.1.jar;C:\Users\biaac\.m2\repository\io\cucumber\cucumber-junit-platform-engine\7.16.1\cucumber-junit-platform-engine-7.16.1.jar;C:\Users\biaac\.m2\repository\org\junit\platform\junit-platform-engine\1.10.2\junit-platform-engine-1.10.2.jar;C:\Users\biaac\.m2\repository\io\cucumber\cucumber-picocontainer\7.16.1\cucumber-picocontainer-7.16.1.jar;C:\Users\biaac\.m2\repository\org\picocontainer\picocontainer\2.15\picocontainer-2.15.jar;C:\Users\biaac\.m2\repository\org\junit\platform\junit-platform-suite\1.9.3\junit-platform-suite-1.9.3.jar;C:\Users\biaac\.m2\repository\org\junit\platform\junit-platform-suite-api\1.9.3\junit-platform-suite-api-1.9.3.jar;C:\Users\biaac\.m2\repository\org\junit\platform\junit-platform-suite-engine\1.9.3\junit-platform-suite-engine-1.9.3.jar;C:\Users\biaac\.m2\repository\org\junit\platform\junit-platform-suite-commons\1.9.3\junit-platform-suite-commons-1.9.3.jar;C:\Users\biaac\.m2\repository\org\junit\platform\junit-platform-launcher\1.9.3\junit-platform-launcher-1.9.3.jar;"/>
    <property name="sun.cpu.endian" value="little"/>
    <property name="user.home" value="C:\Users\biaac"/>
    <property name="user.language" value="pt"/>
    <property name="java.specification.vendor" value="Oracle Corporation"/>
    <property name="java.version.date" value="2024-10-15"/>
    <property name="java.home" value="C:\Program Files\Java\jdk-17"/>
    <property name="file.separator" value="\"/>
    <property name="basedir" value="C:\Users\biaac\OneDrive\Área de Trabalho\Faculdade\5 periodo\gestao-pessoal\aplicacao"/>
    <property name="java.vm.compressedOopsMode" value="Zero based"/>
    <property name="line.separator" value="&#10;"/>
    <property name="java.vm.specification.vendor" value="Oracle Corporation"/>
    <property name="java.specification.name" value="Java Platform API Specification"/>
    <property name="surefire.real.class.path" value="C:\Users\biaac\AppData\Local\Temp\surefire5868630173072075118\surefirebooter-20251022105351974_3.jar"/>
    <property name="user.script" value=""/>
    <property name="sun.management.compiler" value="HotSpot 64-Bit Tiered Compilers"/>
    <property name="java.runtime.version" value="17.0.13+10-LTS-268"/>
    <property name="user.name" value="biaac"/>
    <property name="path.separator" value=";"/>
    <property name="os.version" value="10.0"/>
    <property name="java.runtime.name" value="Java(TM) SE Runtime Environment"/>
    <property name="file.encoding" value="Cp1252"/>
    <property name="java.vm.name" value="Java HotSpot(TM) 64-Bit Server VM"/>
    <property name="localRepository" value="C:\Users\biaac\.m2\repository"/>
    <property name="java.vendor.url.bug" value="https://bugreport.java.com/bugreport/"/>
    <property name="java.io.tmpdir" value="C:\Users\biaac\AppData\Local\Temp\"/>
    <property name="java.version" value="17.0.13"/>
    <property name="user.dir" value="C:\Users\biaac\OneDrive\Área de Trabalho\Faculdade\5 periodo\gestao-pessoal\aplicacao"/>
    <property name="os.arch" value="amd64"/>
    <property name="java.vm.specification.name" value="Java Virtual Machine Specification"/>
    <property name="sun.os.patch.level" value=""/>
    <property name="native.encoding" value="Cp1252"/>
    <property name="java.library.path" value="C:\Program Files\Java\jdk-17\bin;C:\WINDOWS\Sun\Java\bin;C:\WINDOWS\system32;C:\WINDOWS;C:\Program Files\Common Files\Oracle\Java\javapath;C:\Program Files (x86)\Common Files\Oracle\Java\java8path;C:\Program Files (x86)\Common Files\Oracle\Java\javapath;C:\WINDOWS\system32;C:\WINDOWS;C:\WINDOWS\System32\Wbem;C:\WINDOWS\System32\WindowsPowerShell\v1.0\;C:\WINDOWS\System32\OpenSSH\;C:\Program Files\dotnet\;C:\Program Files (x86)\NVIDIA Corporation\PhysX\Common;C:\MinGW\bin;C:\Program Files\Git\cmd;C:\Users\biaac\AppData\Local\Programs\Python\Python312\Scripts;C:\ProgramData\UNIVALI\Portugol Studio;C:\Users\biaac\Downloads\apache-maven-3.9.9-bin\apache-maven-3.9.9\bin;C:\Program Files\MySQL\MySQL Server 8.0\bin;C:\Program Files\nodejs\;C:\ProgramData\chocolatey\bin;c:\Users\biaac\AppData\Local\Programs\cursor\resources\app\bin;C:\Program Files\MySQL\MySQL Shell 8.0\bin\;C:\Users\biaac\AppData\Local\Programs\Python\Launcher\;C:\Users\biaac\AppData\Local\Microsoft\WindowsApps;C:\Users\biaac\AppData\Local\Programs\Microsoft VS Code\bin;C:\MinGW\bin;C:\Program Files\JetBrains\IntelliJ IDEA 2024.2.3\bin;C:\Program Files\JetBrains\IntelliJ IDEA Community Edition 2024.2.4\bin;C:\Users\biaac\Downloads\apache-maven-3.9.9-bin\apache-maven-3.9.9\bin;C:\Users\biaac\AppData\Local\JetBrains\Toolbox\scripts;;C:\Users\biaac\AppData\Local\Microsoft\WindowsApps;C:\Users\biaac\AppData\Roaming\npm;C:\Users\biaac\AppData\Local\Programs\cursor\resources\app\bin;."/>
    <property name="java.vm.info" value="mixed mode, sharing"/>
    <property name="java.vendor" value="Oracle Corporation"/>
    <property name="java.vm.version" value="17.0.13+10-LTS-268"/>
    <property name="java.specification.maintenance.version" value="1"/>
    <property name="sun.io.unicode.encoding" value="UnicodeLittle"/>
    <property name="java.class.version" value="61.0"/>
  </properties>
  <testcase name="Cadastro com sucesso" classname="Cadastro e Login de Usuários" time="0.145"/>
  <testcase name="Cadastro com email já registrado" classname="Cadastro e Login de Usuários" time="0.024"/>
  <testcase name="Senhas não coincidentes" classname="Cadastro e Login de Usuários" time="0.015"/>
  <testcase name="1. Marcar hábito como feito com sucesso (Dia Atual)" classname="Check-in Diário de Hábitos" time="0.021"/>
  <testcase name="2. Desmarcar check-in (quando marcado errado)" classname="Check-in Diário de Hábitos" time="0.012"/>
  <testcase name="3. Visualizar check-ins de um calendário (Mês)" classname="Check-in Diário de Hábitos" time="0.014"/>
  <testcase name="4. Impedir check-in duplicado (Regra de Negócio)" classname="Check-in Diário de Hábitos" time="0.007"/>
  <testcase name="Edição de perfil do usuário" classname="Edição de Perfil do Usuário" time="0.008"/>
  <testcase name="Falha ao alterar email ou senha sem fornecer a senha atual" classname="Edição de Perfil do Usuário" time="0.015"/>
  <testcase name="Edição de senha com senhas novas não coincidentes" classname="Edição de Perfil do Usuário" time="0.007"/>
  <testcase name="Adicionar um amigo com sucesso" classname="Gerenciamento de Amizades" time="0.013"/>
  <testcase name="Remover um amigo com sucesso" classname="Gerenciamento de Amizades" time="0.006"/>
  <testcase name="Tentar adicionar a si mesmo como amigo" classname="Gerenciamento de Amizades" time="0.005"/>
  <testcase name="Tentar adicionar um usuário que já é amigo" classname="Gerenciamento de Amizades" time="0.005"/>
  <testcase name="Tentar adicionar um usuário que não existe" classname="Gerenciamento de Amizades" time="0.005"/>
  <testcase name="Listar amigos" classname="Gerenciamento de Amizades" time="0.007"/>
  <testcase name="Listar amigos quando não há nenhum" classname="Gerenciamento de Amizades" time="0.005"/>
  <testcase name="Criação de um novo hábito com sucesso" classname="Gerenciamento de Hábitos de um Usuário" time="0.007"/>
  <testcase name="Tentar criar um hábito com nome em branco" classname="Gerenciamento de Hábitos de um Usuário" time="0.004"/>
  <testcase name="Tentar criar um hábito que já existe" classname="Gerenciamento de Hábitos de um Usuário" time="0.003"/>
  <testcase name="Edição de um hábito existente com sucesso" classname="Gerenciamento de Hábitos de um Usuário" time="0.006"/>
  <testcase name="Tentar editar um hábito para um nome em branco" classname="Gerenciamento de Hábitos de um Usuário" time="0.005"/>
  <testcase name="Tentar editar um hábito inexistente" classname="Gerenciamento de Hábitos de um Usuário" time="0.003"/>
  <testcase name="Exclusão de um hábito com sucesso" classname="Gerenciamento de Hábitos de um Usuário" time="0.005"/>
  <testcase name="Tentar excluir um hábito inexistente" classname="Gerenciamento de Hábitos de um Usuário" time="0.003"/>
  <testcase name="Listar múltiplos hábitos cadastrados" classname="Gerenciamento de Hábitos de um Usuário" time="0.004"/>
  <testcase name="Visualizar lista sem nenhum hábito cadastrado" classname="Gerenciamento de Hábitos de um Usuário" time="0.004"/>
  <testcase name="Criar meta semanal com sucesso" classname="Gerenciamento de Metas Semanais e Mensais" time="0.01"/>
  <testcase name="Criar meta mensal com sucesso" classname="Gerenciamento de Metas Semanais e Mensais" time="0.004"/>
  <testcase name="Criar meta com tipo vazio" classname="Gerenciamento de Metas Semanais e Mensais" time="0.004"/>
  <testcase name="Atualizar meta existente" classname="Gerenciamento de Metas Semanais e Mensais" time="0.005"/>
  <testcase name="Excluir meta existente" classname="Gerenciamento de Metas Semanais e Mensais" time="0.006"/>
  <testcase name="Receber alerta de meta semanal quase não cumprida" classname="Gerenciamento de Metas Semanais e Mensais" time="0.011">
    <system-out><![CDATA[⚠️ Atenção! Você está perto de falhar a meta: Meta semanal
]]></system-out>
  </testcase>
  <testcase name="Receber alerta de meta mensal quase não cumprida" classname="Gerenciamento de Metas Semanais e Mensais" time="0.006">
    <system-out><![CDATA[⚠️ Atenção! Você está perto de falhar a meta: Meta mensal
]]></system-out>
  </testcase>
  <testcase name="Ganhar pontos ao realizar um check-in" classname="Sistema de Pontos e Níveis" time="0.007"/>
  <testcase name="Retirar pontos ao desfazer um check-in" classname="Sistema de Pontos e Níveis" time="0.003"/>
  <testcase name="Subir de nível ao atingir meta de pontos" classname="Sistema de Pontos e Níveis" time="0.004"/>
  <testcase name="Cair de nível ao retirar pontos necessário para a meta" classname="Sistema de Pontos e Níveis" time="0.003"/>
  <testcase name="Visualizar pontos e nível atual" classname="Sistema de Pontos e Níveis" time="0.004"/>
</testsuite>